<?xml version="1.0" encoding="UTF-8"?>
<testsuite errors="0" failures="0" hostname="ubuntu" name="org.stashbox.catalogue.service.HashMapCatalogueServiceTestCase" tests="4" time="0.031" timestamp="2012-07-07T05:18:46">
  <properties />
  <testcase classname="org.stashbox.catalogue.service.HashMapCatalogueServiceTestCase" name="testAdd" time="0.001" />
  <testcase classname="org.stashbox.catalogue.service.HashMapCatalogueServiceTestCase" name="testGet" time="0.0" />
  <testcase classname="org.stashbox.catalogue.service.HashMapCatalogueServiceTestCase" name="testTwoAdds" time="0.001" />
  <testcase classname="org.stashbox.catalogue.service.HashMapCatalogueServiceTestCase" name="testGetTwoItems" time="0.0" />
  <system-out><![CDATA[]]></system-out>
  <system-err><![CDATA[]]></system-err>
</testsuite>
